.\Win32\log4cplus_static.Debug\log4cplus_static.bsc
G:\VISUAL STUDIO 2010\PROJECTS\LIFEHELPERV\FRAMWORK\THIRDPARTY\LOG4CPLUS-1.0.4\MSVC8\WIN32\LOG4CPLUS_STATIC.DEBUG\APPENDER.OBJ
G:\VISUAL STUDIO 2010\PROJECTS\LIFEHELPERV\FRAMWORK\THIRDPARTY\LOG4CPLUS-1.0.4\MSVC8\WIN32\LOG4CPLUS_STATIC.DEBUG\APPENDER.SBR
G:\VISUAL STUDIO 2010\PROJECTS\LIFEHELPERV\FRAMWORK\THIRDPARTY\LOG4CPLUS-1.0.4\MSVC8\WIN32\LOG4CPLUS_STATIC.DEBUG\APPENDERATTACHABLEIMPL.OBJ
G:\VISUAL STUDIO 2010\PROJECTS\LIFEHELPERV\FRAMWORK\THIRDPARTY\LOG4CPLUS-1.0.4\MSVC8\WIN32\LOG4CPLUS_STATIC.DEBUG\APPENDERATTACHABLEIMPL.SBR
G:\visual studio 2010\Projects\LifeHelperV\framwork\thirdparty\log4cplus-1.0.4\msvc8\Win32\log4cplus_static.Debug\BscMake.command.1.tlog
G:\visual studio 2010\Projects\LifeHelperV\framwork\thirdparty\log4cplus-1.0.4\msvc8\Win32\log4cplus_static.Debug\bscmake.read.1.tlog
G:\visual studio 2010\Projects\LifeHelperV\framwork\thirdparty\log4cplus-1.0.4\msvc8\Win32\log4cplus_static.Debug\bscmake.write.1.tlog
G:\visual studio 2010\Projects\LifeHelperV\framwork\thirdparty\log4cplus-1.0.4\msvc8\Win32\log4cplus_static.Debug\cl.command.1.tlog
G:\visual studio 2010\Projects\LifeHelperV\framwork\thirdparty\log4cplus-1.0.4\msvc8\Win32\log4cplus_static.Debug\CL.read.1.tlog
G:\visual studio 2010\Projects\LifeHelperV\framwork\thirdparty\log4cplus-1.0.4\msvc8\Win32\log4cplus_static.Debug\CL.write.1.tlog
G:\VISUAL STUDIO 2010\PROJECTS\LIFEHELPERV\FRAMWORK\THIRDPARTY\LOG4CPLUS-1.0.4\MSVC8\WIN32\LOG4CPLUS_STATIC.DEBUG\CONFIGURATOR.OBJ
G:\VISUAL STUDIO 2010\PROJECTS\LIFEHELPERV\FRAMWORK\THIRDPARTY\LOG4CPLUS-1.0.4\MSVC8\WIN32\LOG4CPLUS_STATIC.DEBUG\CONFIGURATOR.SBR
G:\VISUAL STUDIO 2010\PROJECTS\LIFEHELPERV\FRAMWORK\THIRDPARTY\LOG4CPLUS-1.0.4\MSVC8\WIN32\LOG4CPLUS_STATIC.DEBUG\CONSOLEAPPENDER.OBJ
G:\VISUAL STUDIO 2010\PROJECTS\LIFEHELPERV\FRAMWORK\THIRDPARTY\LOG4CPLUS-1.0.4\MSVC8\WIN32\LOG4CPLUS_STATIC.DEBUG\CONSOLEAPPENDER.SBR
G:\VISUAL STUDIO 2010\PROJECTS\LIFEHELPERV\FRAMWORK\THIRDPARTY\LOG4CPLUS-1.0.4\MSVC8\WIN32\LOG4CPLUS_STATIC.DEBUG\FACTORY.OBJ
G:\VISUAL STUDIO 2010\PROJECTS\LIFEHELPERV\FRAMWORK\THIRDPARTY\LOG4CPLUS-1.0.4\MSVC8\WIN32\LOG4CPLUS_STATIC.DEBUG\FACTORY.SBR
G:\VISUAL STUDIO 2010\PROJECTS\LIFEHELPERV\FRAMWORK\THIRDPARTY\LOG4CPLUS-1.0.4\MSVC8\WIN32\LOG4CPLUS_STATIC.DEBUG\FILEAPPENDER.OBJ
G:\VISUAL STUDIO 2010\PROJECTS\LIFEHELPERV\FRAMWORK\THIRDPARTY\LOG4CPLUS-1.0.4\MSVC8\WIN32\LOG4CPLUS_STATIC.DEBUG\FILEAPPENDER.SBR
G:\VISUAL STUDIO 2010\PROJECTS\LIFEHELPERV\FRAMWORK\THIRDPARTY\LOG4CPLUS-1.0.4\MSVC8\WIN32\LOG4CPLUS_STATIC.DEBUG\FILTER.OBJ
G:\VISUAL STUDIO 2010\PROJECTS\LIFEHELPERV\FRAMWORK\THIRDPARTY\LOG4CPLUS-1.0.4\MSVC8\WIN32\LOG4CPLUS_STATIC.DEBUG\FILTER.SBR
G:\VISUAL STUDIO 2010\PROJECTS\LIFEHELPERV\FRAMWORK\THIRDPARTY\LOG4CPLUS-1.0.4\MSVC8\WIN32\LOG4CPLUS_STATIC.DEBUG\GLOBAL-INIT.OBJ
G:\VISUAL STUDIO 2010\PROJECTS\LIFEHELPERV\FRAMWORK\THIRDPARTY\LOG4CPLUS-1.0.4\MSVC8\WIN32\LOG4CPLUS_STATIC.DEBUG\GLOBAL-INIT.SBR
G:\VISUAL STUDIO 2010\PROJECTS\LIFEHELPERV\FRAMWORK\THIRDPARTY\LOG4CPLUS-1.0.4\MSVC8\WIN32\LOG4CPLUS_STATIC.DEBUG\HIERARCHY.OBJ
G:\VISUAL STUDIO 2010\PROJECTS\LIFEHELPERV\FRAMWORK\THIRDPARTY\LOG4CPLUS-1.0.4\MSVC8\WIN32\LOG4CPLUS_STATIC.DEBUG\HIERARCHY.SBR
G:\VISUAL STUDIO 2010\PROJECTS\LIFEHELPERV\FRAMWORK\THIRDPARTY\LOG4CPLUS-1.0.4\MSVC8\WIN32\LOG4CPLUS_STATIC.DEBUG\HIERARCHYLOCKER.OBJ
G:\VISUAL STUDIO 2010\PROJECTS\LIFEHELPERV\FRAMWORK\THIRDPARTY\LOG4CPLUS-1.0.4\MSVC8\WIN32\LOG4CPLUS_STATIC.DEBUG\HIERARCHYLOCKER.SBR
G:\VISUAL STUDIO 2010\PROJECTS\LIFEHELPERV\FRAMWORK\THIRDPARTY\LOG4CPLUS-1.0.4\MSVC8\WIN32\LOG4CPLUS_STATIC.DEBUG\LAYOUT.OBJ
G:\VISUAL STUDIO 2010\PROJECTS\LIFEHELPERV\FRAMWORK\THIRDPARTY\LOG4CPLUS-1.0.4\MSVC8\WIN32\LOG4CPLUS_STATIC.DEBUG\LAYOUT.SBR
G:\visual studio 2010\Projects\LifeHelperV\framwork\thirdparty\log4cplus-1.0.4\msvc8\Win32\log4cplus_static.Debug\lib.command.1.tlog
G:\visual studio 2010\Projects\LifeHelperV\framwork\thirdparty\log4cplus-1.0.4\msvc8\Win32\log4cplus_static.Debug\Lib-link.read.1.tlog
G:\visual studio 2010\Projects\LifeHelperV\framwork\thirdparty\log4cplus-1.0.4\msvc8\Win32\log4cplus_static.Debug\Lib-link.write.1.tlog
G:\VISUAL STUDIO 2010\PROJECTS\LIFEHELPERV\FRAMWORK\THIRDPARTY\LOG4CPLUS-1.0.4\MSVC8\WIN32\LOG4CPLUS_STATIC.DEBUG\LOG4CPLUS_STATIC.BSC
G:\visual studio 2010\Projects\LifeHelperV\framwork\thirdparty\log4cplus-1.0.4\msvc8\Win32\log4cplus_static.Debug\log4cplus_static.write.1.tlog
G:\VISUAL STUDIO 2010\PROJECTS\LIFEHELPERV\FRAMWORK\THIRDPARTY\LOG4CPLUS-1.0.4\MSVC8\WIN32\LOG4CPLUS_STATIC.DEBUG\LOG4CPLUSSD.LIB
G:\VISUAL STUDIO 2010\PROJECTS\LIFEHELPERV\FRAMWORK\THIRDPARTY\LOG4CPLUS-1.0.4\MSVC8\WIN32\LOG4CPLUS_STATIC.DEBUG\LOGGER.OBJ
G:\VISUAL STUDIO 2010\PROJECTS\LIFEHELPERV\FRAMWORK\THIRDPARTY\LOG4CPLUS-1.0.4\MSVC8\WIN32\LOG4CPLUS_STATIC.DEBUG\LOGGER.SBR
G:\VISUAL STUDIO 2010\PROJECTS\LIFEHELPERV\FRAMWORK\THIRDPARTY\LOG4CPLUS-1.0.4\MSVC8\WIN32\LOG4CPLUS_STATIC.DEBUG\LOGGERIMPL.OBJ
G:\VISUAL STUDIO 2010\PROJECTS\LIFEHELPERV\FRAMWORK\THIRDPARTY\LOG4CPLUS-1.0.4\MSVC8\WIN32\LOG4CPLUS_STATIC.DEBUG\LOGGERIMPL.SBR
G:\VISUAL STUDIO 2010\PROJECTS\LIFEHELPERV\FRAMWORK\THIRDPARTY\LOG4CPLUS-1.0.4\MSVC8\WIN32\LOG4CPLUS_STATIC.DEBUG\LOGGINGEVENT.OBJ
G:\VISUAL STUDIO 2010\PROJECTS\LIFEHELPERV\FRAMWORK\THIRDPARTY\LOG4CPLUS-1.0.4\MSVC8\WIN32\LOG4CPLUS_STATIC.DEBUG\LOGGINGEVENT.SBR
G:\VISUAL STUDIO 2010\PROJECTS\LIFEHELPERV\FRAMWORK\THIRDPARTY\LOG4CPLUS-1.0.4\MSVC8\WIN32\LOG4CPLUS_STATIC.DEBUG\LOGLEVEL.OBJ
G:\VISUAL STUDIO 2010\PROJECTS\LIFEHELPERV\FRAMWORK\THIRDPARTY\LOG4CPLUS-1.0.4\MSVC8\WIN32\LOG4CPLUS_STATIC.DEBUG\LOGLEVEL.SBR
G:\VISUAL STUDIO 2010\PROJECTS\LIFEHELPERV\FRAMWORK\THIRDPARTY\LOG4CPLUS-1.0.4\MSVC8\WIN32\LOG4CPLUS_STATIC.DEBUG\LOGLOG.OBJ
G:\VISUAL STUDIO 2010\PROJECTS\LIFEHELPERV\FRAMWORK\THIRDPARTY\LOG4CPLUS-1.0.4\MSVC8\WIN32\LOG4CPLUS_STATIC.DEBUG\LOGLOG.SBR
G:\VISUAL STUDIO 2010\PROJECTS\LIFEHELPERV\FRAMWORK\THIRDPARTY\LOG4CPLUS-1.0.4\MSVC8\WIN32\LOG4CPLUS_STATIC.DEBUG\LOGLOGUSER.OBJ
G:\VISUAL STUDIO 2010\PROJECTS\LIFEHELPERV\FRAMWORK\THIRDPARTY\LOG4CPLUS-1.0.4\MSVC8\WIN32\LOG4CPLUS_STATIC.DEBUG\LOGLOGUSER.SBR
G:\VISUAL STUDIO 2010\PROJECTS\LIFEHELPERV\FRAMWORK\THIRDPARTY\LOG4CPLUS-1.0.4\MSVC8\WIN32\LOG4CPLUS_STATIC.DEBUG\NDC.OBJ
G:\VISUAL STUDIO 2010\PROJECTS\LIFEHELPERV\FRAMWORK\THIRDPARTY\LOG4CPLUS-1.0.4\MSVC8\WIN32\LOG4CPLUS_STATIC.DEBUG\NDC.SBR
G:\VISUAL STUDIO 2010\PROJECTS\LIFEHELPERV\FRAMWORK\THIRDPARTY\LOG4CPLUS-1.0.4\MSVC8\WIN32\LOG4CPLUS_STATIC.DEBUG\NTEVENTLOGAPPENDER.OBJ
G:\VISUAL STUDIO 2010\PROJECTS\LIFEHELPERV\FRAMWORK\THIRDPARTY\LOG4CPLUS-1.0.4\MSVC8\WIN32\LOG4CPLUS_STATIC.DEBUG\NTEVENTLOGAPPENDER.SBR
G:\VISUAL STUDIO 2010\PROJECTS\LIFEHELPERV\FRAMWORK\THIRDPARTY\LOG4CPLUS-1.0.4\MSVC8\WIN32\LOG4CPLUS_STATIC.DEBUG\NULLAPPENDER.OBJ
G:\VISUAL STUDIO 2010\PROJECTS\LIFEHELPERV\FRAMWORK\THIRDPARTY\LOG4CPLUS-1.0.4\MSVC8\WIN32\LOG4CPLUS_STATIC.DEBUG\NULLAPPENDER.SBR
G:\VISUAL STUDIO 2010\PROJECTS\LIFEHELPERV\FRAMWORK\THIRDPARTY\LOG4CPLUS-1.0.4\MSVC8\WIN32\LOG4CPLUS_STATIC.DEBUG\OBJECTREGISTRY.OBJ
G:\VISUAL STUDIO 2010\PROJECTS\LIFEHELPERV\FRAMWORK\THIRDPARTY\LOG4CPLUS-1.0.4\MSVC8\WIN32\LOG4CPLUS_STATIC.DEBUG\OBJECTREGISTRY.SBR
G:\VISUAL STUDIO 2010\PROJECTS\LIFEHELPERV\FRAMWORK\THIRDPARTY\LOG4CPLUS-1.0.4\MSVC8\WIN32\LOG4CPLUS_STATIC.DEBUG\PATTERNLAYOUT.OBJ
G:\VISUAL STUDIO 2010\PROJECTS\LIFEHELPERV\FRAMWORK\THIRDPARTY\LOG4CPLUS-1.0.4\MSVC8\WIN32\LOG4CPLUS_STATIC.DEBUG\PATTERNLAYOUT.SBR
G:\VISUAL STUDIO 2010\PROJECTS\LIFEHELPERV\FRAMWORK\THIRDPARTY\LOG4CPLUS-1.0.4\MSVC8\WIN32\LOG4CPLUS_STATIC.DEBUG\POINTER.OBJ
G:\VISUAL STUDIO 2010\PROJECTS\LIFEHELPERV\FRAMWORK\THIRDPARTY\LOG4CPLUS-1.0.4\MSVC8\WIN32\LOG4CPLUS_STATIC.DEBUG\POINTER.SBR
G:\VISUAL STUDIO 2010\PROJECTS\LIFEHELPERV\FRAMWORK\THIRDPARTY\LOG4CPLUS-1.0.4\MSVC8\WIN32\LOG4CPLUS_STATIC.DEBUG\PROPERTY.OBJ
G:\VISUAL STUDIO 2010\PROJECTS\LIFEHELPERV\FRAMWORK\THIRDPARTY\LOG4CPLUS-1.0.4\MSVC8\WIN32\LOG4CPLUS_STATIC.DEBUG\PROPERTY.SBR
G:\VISUAL STUDIO 2010\PROJECTS\LIFEHELPERV\FRAMWORK\THIRDPARTY\LOG4CPLUS-1.0.4\MSVC8\WIN32\LOG4CPLUS_STATIC.DEBUG\ROOTLOGGER.OBJ
G:\VISUAL STUDIO 2010\PROJECTS\LIFEHELPERV\FRAMWORK\THIRDPARTY\LOG4CPLUS-1.0.4\MSVC8\WIN32\LOG4CPLUS_STATIC.DEBUG\ROOTLOGGER.SBR
G:\VISUAL STUDIO 2010\PROJECTS\LIFEHELPERV\FRAMWORK\THIRDPARTY\LOG4CPLUS-1.0.4\MSVC8\WIN32\LOG4CPLUS_STATIC.DEBUG\SLEEP.OBJ
G:\VISUAL STUDIO 2010\PROJECTS\LIFEHELPERV\FRAMWORK\THIRDPARTY\LOG4CPLUS-1.0.4\MSVC8\WIN32\LOG4CPLUS_STATIC.DEBUG\SLEEP.SBR
G:\VISUAL STUDIO 2010\PROJECTS\LIFEHELPERV\FRAMWORK\THIRDPARTY\LOG4CPLUS-1.0.4\MSVC8\WIN32\LOG4CPLUS_STATIC.DEBUG\SOCKET.OBJ
G:\VISUAL STUDIO 2010\PROJECTS\LIFEHELPERV\FRAMWORK\THIRDPARTY\LOG4CPLUS-1.0.4\MSVC8\WIN32\LOG4CPLUS_STATIC.DEBUG\SOCKET.SBR
G:\VISUAL STUDIO 2010\PROJECTS\LIFEHELPERV\FRAMWORK\THIRDPARTY\LOG4CPLUS-1.0.4\MSVC8\WIN32\LOG4CPLUS_STATIC.DEBUG\SOCKETAPPENDER.OBJ
G:\VISUAL STUDIO 2010\PROJECTS\LIFEHELPERV\FRAMWORK\THIRDPARTY\LOG4CPLUS-1.0.4\MSVC8\WIN32\LOG4CPLUS_STATIC.DEBUG\SOCKETAPPENDER.SBR
G:\VISUAL STUDIO 2010\PROJECTS\LIFEHELPERV\FRAMWORK\THIRDPARTY\LOG4CPLUS-1.0.4\MSVC8\WIN32\LOG4CPLUS_STATIC.DEBUG\SOCKETBUFFER.OBJ
G:\VISUAL STUDIO 2010\PROJECTS\LIFEHELPERV\FRAMWORK\THIRDPARTY\LOG4CPLUS-1.0.4\MSVC8\WIN32\LOG4CPLUS_STATIC.DEBUG\SOCKETBUFFER.SBR
G:\VISUAL STUDIO 2010\PROJECTS\LIFEHELPERV\FRAMWORK\THIRDPARTY\LOG4CPLUS-1.0.4\MSVC8\WIN32\LOG4CPLUS_STATIC.DEBUG\SOCKET-WIN32.OBJ
G:\VISUAL STUDIO 2010\PROJECTS\LIFEHELPERV\FRAMWORK\THIRDPARTY\LOG4CPLUS-1.0.4\MSVC8\WIN32\LOG4CPLUS_STATIC.DEBUG\SOCKET-WIN32.SBR
G:\VISUAL STUDIO 2010\PROJECTS\LIFEHELPERV\FRAMWORK\THIRDPARTY\LOG4CPLUS-1.0.4\MSVC8\WIN32\LOG4CPLUS_STATIC.DEBUG\STRINGHELPER.OBJ
G:\VISUAL STUDIO 2010\PROJECTS\LIFEHELPERV\FRAMWORK\THIRDPARTY\LOG4CPLUS-1.0.4\MSVC8\WIN32\LOG4CPLUS_STATIC.DEBUG\STRINGHELPER.SBR
G:\VISUAL STUDIO 2010\PROJECTS\LIFEHELPERV\FRAMWORK\THIRDPARTY\LOG4CPLUS-1.0.4\MSVC8\WIN32\LOG4CPLUS_STATIC.DEBUG\SYNCPRIMS.OBJ
G:\VISUAL STUDIO 2010\PROJECTS\LIFEHELPERV\FRAMWORK\THIRDPARTY\LOG4CPLUS-1.0.4\MSVC8\WIN32\LOG4CPLUS_STATIC.DEBUG\SYNCPRIMS.SBR
G:\VISUAL STUDIO 2010\PROJECTS\LIFEHELPERV\FRAMWORK\THIRDPARTY\LOG4CPLUS-1.0.4\MSVC8\WIN32\LOG4CPLUS_STATIC.DEBUG\THREADS.OBJ
G:\VISUAL STUDIO 2010\PROJECTS\LIFEHELPERV\FRAMWORK\THIRDPARTY\LOG4CPLUS-1.0.4\MSVC8\WIN32\LOG4CPLUS_STATIC.DEBUG\THREADS.SBR
G:\VISUAL STUDIO 2010\PROJECTS\LIFEHELPERV\FRAMWORK\THIRDPARTY\LOG4CPLUS-1.0.4\MSVC8\WIN32\LOG4CPLUS_STATIC.DEBUG\TIMEHELPER.OBJ
G:\VISUAL STUDIO 2010\PROJECTS\LIFEHELPERV\FRAMWORK\THIRDPARTY\LOG4CPLUS-1.0.4\MSVC8\WIN32\LOG4CPLUS_STATIC.DEBUG\TIMEHELPER.SBR
G:\visual studio 2010\Projects\LifeHelperV\framwork\thirdparty\log4cplus-1.0.4\msvc8\Win32\log4cplus_static.Debug\vc100.idb
G:\VISUAL STUDIO 2010\PROJECTS\LIFEHELPERV\FRAMWORK\THIRDPARTY\LOG4CPLUS-1.0.4\MSVC8\WIN32\LOG4CPLUS_STATIC.DEBUG\VC100.PDB
G:\VISUAL STUDIO 2010\PROJECTS\LIFEHELPERV\FRAMWORK\THIRDPARTY\LOG4CPLUS-1.0.4\MSVC8\WIN32\LOG4CPLUS_STATIC.DEBUG\VERSION.OBJ
G:\VISUAL STUDIO 2010\PROJECTS\LIFEHELPERV\FRAMWORK\THIRDPARTY\LOG4CPLUS-1.0.4\MSVC8\WIN32\LOG4CPLUS_STATIC.DEBUG\VERSION.SBR
G:\VISUAL STUDIO 2010\PROJECTS\LIFEHELPERV\FRAMWORK\THIRDPARTY\LOG4CPLUS-1.0.4\MSVC8\WIN32\LOG4CPLUS_STATIC.DEBUG\WIN32CONSOLEAPPENDER.OBJ
G:\VISUAL STUDIO 2010\PROJECTS\LIFEHELPERV\FRAMWORK\THIRDPARTY\LOG4CPLUS-1.0.4\MSVC8\WIN32\LOG4CPLUS_STATIC.DEBUG\WIN32CONSOLEAPPENDER.SBR
G:\VISUAL STUDIO 2010\PROJECTS\LIFEHELPERV\FRAMWORK\THIRDPARTY\LOG4CPLUS-1.0.4\MSVC8\WIN32\LOG4CPLUS_STATIC.DEBUG\WIN32DEBUGAPPENDER.OBJ
G:\VISUAL STUDIO 2010\PROJECTS\LIFEHELPERV\FRAMWORK\THIRDPARTY\LOG4CPLUS-1.0.4\MSVC8\WIN32\LOG4CPLUS_STATIC.DEBUG\WIN32DEBUGAPPENDER.SBR
